INFO  - 2017-05-23 14:21:53.374; [   ] org.eclipse.jetty.util.log.Log; Logging initialized @428ms
INFO  - 2017-05-23 14:21:53.684; [   ] org.eclipse.jetty.server.Server; jetty-9.3.14.v20161028
INFO  - 2017-05-23 14:21:53.721; [   ] org.eclipse.jetty.deploy.providers.ScanningAppProvider; Deployment monitor [file:///C:/Users/hasee/Desktop/solr-6.5.1/solr-6.5.1/server/contexts/] at interval 0
INFO  - 2017-05-23 14:21:54.163; [   ] org.eclipse.jetty.webapp.StandardDescriptorProcessor; NO JSP Support for /solr, did not find org.apache.jasper.servlet.JspServlet
INFO  - 2017-05-23 14:21:54.188; [   ] org.apache.solr.servlet.SolrDispatchFilter;  ___      _       Welcome to Apache Solr? version 6.5.1
INFO  - 2017-05-23 14:21:54.189; [   ] org.apache.solr.servlet.SolrDispatchFilter; / __| ___| |_ _   Starting in standalone mode on port 8983
INFO  - 2017-05-23 14:21:54.190; [   ] org.apache.solr.servlet.SolrDispatchFilter; \__ \/ _ \ | '_|  Install dir: C:\Users\hasee\Desktop\solr-6.5.1\solr-6.5.1
INFO  - 2017-05-23 14:21:54.200; [   ] org.apache.solr.servlet.SolrDispatchFilter; |___/\___/_|_|    Start time: 2017-05-23T14:21:54.191Z
INFO  - 2017-05-23 14:21:54.211; [   ] org.apache.solr.core.SolrResourceLoader; Using system property solr.solr.home: C:\Users\hasee\Desktop\solr-6.5.1\solr-6.5.1\example\example-DIH\solr
INFO  - 2017-05-23 14:21:54.216; [   ] org.apache.solr.core.SolrXmlConfig; Loading container configuration from C:\Users\hasee\Desktop\solr-6.5.1\solr-6.5.1\example\example-DIH\solr\solr.xml
INFO  - 2017-05-23 14:21:54.550; [   ] org.apache.solr.update.UpdateShardHandler; Creating UpdateShardHandler HTTP client with params: socketTimeout=600000&connTimeout=60000&retry=true
INFO  - 2017-05-23 14:21:54.701; [   ] org.apache.solr.core.CorePropertiesLocator; Found 7 core definitions underneath C:\Users\hasee\Desktop\solr-6.5.1\solr-6.5.1\example\example-DIH\solr
INFO  - 2017-05-23 14:21:54.703; [   ] org.apache.solr.core.CorePropertiesLocator; Cores are: [db, mail, mydb, pgdb, rss, solr, tika]
INFO  - 2017-05-23 14:21:54.711; [   x:mydb] org.apache.solr.core.SolrResourceLoader; [null] Added 3 libs to classloader, from paths: [/C:/Users/hasee/Desktop/solr-6.5.1/solr-6.5.1/example/example-DIH/solr/mydb/lib]
INFO  - 2017-05-23 14:21:54.711; [   x:db] org.apache.solr.core.SolrResourceLoader; [null] Added 2 libs to classloader, from paths: [/C:/Users/hasee/Desktop/solr-6.5.1/solr-6.5.1/example/example-DIH/solr/db/lib]
WARN  - 2017-05-23 14:21:54.754; [   x:mail] org.apache.solr.core.SolrConfig; Couldn't add files from C:\Users\hasee\Desktop\solr-6.5.1\solr-6.5.1\contrib\dataimporthandler\lib filtered by .*\.jar to classpath: C:\Users\hasee\Desktop\solr-6.5.1\solr-6.5.1\contrib\dataimporthandler\lib
INFO  - 2017-05-23 14:21:54.760; [   x:mail] org.apache.solr.core.SolrResourceLoader; [mail] Added 49 libs to classloader, from paths: [/C:/Users/hasee/Desktop/solr-6.5.1/solr-6.5.1/contrib/dataimporthandler-extras/lib, /C:/Users/hasee/Desktop/solr-6.5.1/solr-6.5.1/contrib/extraction/lib, /C:/Users/hasee/Desktop/solr-6.5.1/solr-6.5.1/contrib/langid/lib, /C:/Users/hasee/Desktop/solr-6.5.1/solr-6.5.1/contrib/velocity/lib, /C:/Users/hasee/Desktop/solr-6.5.1/solr-6.5.1/dist]
INFO  - 2017-05-23 14:21:54.832; [   ] org.eclipse.jetty.server.handler.ContextHandler; Started o.e.j.w.WebAppContext@2781e022{/solr,file:///C:/Users/hasee/Desktop/solr-6.5.1/solr-6.5.1/server/solr-webapp/webapp/,AVAILABLE}{C:\Users\hasee\Desktop\solr-6.5.1\solr-6.5.1\server/solr-webapp/webapp}
INFO  - 2017-05-23 14:21:54.857; [   ] org.eclipse.jetty.server.AbstractConnector; Started ServerConnector@303cf2ba{HTTP/1.1,[http/1.1]}{0.0.0.0:8983}
INFO  - 2017-05-23 14:21:54.857; [   ] org.eclipse.jetty.server.Server; Started @1913ms
WARN  - 2017-05-23 14:21:54.914; [   x:mydb] org.apache.solr.core.SolrConfig; Couldn't add files from D:\all\software\develop\Java\solr-6.5.1\solr-6.5.1\example\example-DIH\solr\mydb\lib filtered by mysql-connector-java-5.1.4.jar to classpath: D:\all\software\develop\Java\solr-6.5.1\solr-6.5.1\example\example-DIH\solr\mydb\lib
INFO  - 2017-05-23 14:21:54.915; [   x:mydb] org.apache.solr.core.SolrResourceLoader; [mydb] Added 46 libs to classloader, from paths: [/C:/Users/hasee/Desktop/solr-6.5.1/solr-6.5.1/contrib/extraction/lib, /C:/Users/hasee/Desktop/solr-6.5.1/solr-6.5.1/contrib/langid/lib, /C:/Users/hasee/Desktop/solr-6.5.1/solr-6.5.1/contrib/velocity/lib, /C:/Users/hasee/Desktop/solr-6.5.1/solr-6.5.1/dist]
INFO  - 2017-05-23 14:21:54.922; [   x:mail] org.apache.solr.update.SolrIndexConfig; IndexWriter infoStream solr logging is enabled
INFO  - 2017-05-23 14:21:54.926; [   x:db] org.apache.solr.core.SolrResourceLoader; [db] Added 46 libs to classloader, from paths: [/C:/Users/hasee/Desktop/solr-6.5.1/solr-6.5.1/contrib/extraction/lib, /C:/Users/hasee/Desktop/solr-6.5.1/solr-6.5.1/contrib/langid/lib, /C:/Users/hasee/Desktop/solr-6.5.1/solr-6.5.1/contrib/velocity/lib, /C:/Users/hasee/Desktop/solr-6.5.1/solr-6.5.1/dist]
INFO  - 2017-05-23 14:21:54.930; [   x:mail] org.apache.solr.core.SolrConfig; Using Lucene MatchVersion: 6.5.1
INFO  - 2017-05-23 14:21:55.009; [   x:db] org.apache.solr.update.SolrIndexConfig; IndexWriter infoStream solr logging is enabled
INFO  - 2017-05-23 14:21:55.010; [   x:mydb] org.apache.solr.update.SolrIndexConfig; IndexWriter infoStream solr logging is enabled
INFO  - 2017-05-23 14:21:55.011; [   x:db] org.apache.solr.core.SolrConfig; Using Lucene MatchVersion: 6.5.1
INFO  - 2017-05-23 14:21:55.015; [   x:mydb] org.apache.solr.core.SolrConfig; Using Lucene MatchVersion: 6.5.1
INFO  - 2017-05-23 14:21:55.146; [   x:mydb] org.apache.solr.schema.IndexSchema; [mydb] Schema name=example-DIH-db2
INFO  - 2017-05-23 14:21:55.147; [   x:mail] org.apache.solr.schema.IndexSchema; [mail] Schema name=example-DIH-mail
INFO  - 2017-05-23 14:21:55.166; [   x:db] org.apache.solr.schema.IndexSchema; [db] Schema name=example-DIH-db
WARN  - 2017-05-23 14:21:55.219; [   x:mail] org.apache.solr.core.SolrResourceLoader; Solr loaded a deprecated plugin/analysis class [solr.SynonymFilterFactory]. Please consult documentation how to replace it accordingly.
WARN  - 2017-05-23 14:21:55.230; [   x:mail] org.apache.solr.core.SolrResourceLoader; Solr loaded a deprecated plugin/analysis class [solr.WordDelimiterFilterFactory]. Please consult documentation how to replace it accordingly.
INFO  - 2017-05-23 14:21:55.486; [   ] org.apache.solr.servlet.HttpSolrCall; [admin] webapp=null path=/admin/info/system params={wt=json} status=0 QTime=564
INFO  - 2017-05-23 14:21:55.486; [   ] org.apache.solr.servlet.HttpSolrCall; [admin] webapp=null path=/admin/info/system params={wt=json} status=0 QTime=231
INFO  - 2017-05-23 14:21:55.610; [   x:mail] org.apache.solr.schema.IndexSchema; Loaded schema example-DIH-mail/1.6 with uniqueid field messageId
INFO  - 2017-05-23 14:21:55.610; [   x:mydb] org.apache.solr.schema.IndexSchema; Loaded schema example-DIH-db2/1.6 with uniqueid field id
INFO  - 2017-05-23 14:21:55.610; [   x:db] org.apache.solr.schema.IndexSchema; Loaded schema example-DIH-db/1.6 with uniqueid field id
INFO  - 2017-05-23 14:21:55.688; [   x:mail] org.apache.solr.core.CoreContainer; Creating SolrCore 'mail' using configuration from instancedir C:\Users\hasee\Desktop\solr-6.5.1\solr-6.5.1\example\example-DIH\solr\mail
INFO  - 2017-05-23 14:21:55.690; [   x:mydb] org.apache.solr.core.CoreContainer; Creating SolrCore 'mydb' using configuration from instancedir C:\Users\hasee\Desktop\solr-6.5.1\solr-6.5.1\example\example-DIH\solr\mydb
INFO  - 2017-05-23 14:21:55.691; [   x:db] org.apache.solr.core.CoreContainer; Creating SolrCore 'db' using configuration from instancedir C:\Users\hasee\Desktop\solr-6.5.1\solr-6.5.1\example\example-DIH\solr\db
INFO  - 2017-05-23 14:21:55.706; [   x:db] org.apache.solr.core.SolrCore; solr.RecoveryStrategy.Builder
INFO  - 2017-05-23 14:21:55.706; [   x:mail] org.apache.solr.core.SolrCore; solr.RecoveryStrategy.Builder
INFO  - 2017-05-23 14:21:55.706; [   x:mydb] org.apache.solr.core.SolrCore; solr.RecoveryStrategy.Builder
INFO  - 2017-05-23 14:21:55.712; [   x:mail] org.apache.solr.core.SolrCore; [[mail] ] Opening new SolrCore at [C:\Users\hasee\Desktop\solr-6.5.1\solr-6.5.1\example\example-DIH\solr\mail], dataDir=[C:\Users\hasee\Desktop\solr-6.5.1\solr-6.5.1\example\example-DIH\solr\mail\data\]
INFO  - 2017-05-23 14:21:55.712; [   x:db] org.apache.solr.core.SolrCore; [[db] ] Opening new SolrCore at [C:\Users\hasee\Desktop\solr-6.5.1\solr-6.5.1\example\example-DIH\solr\db], dataDir=[C:\Users\hasee\Desktop\solr-6.5.1\solr-6.5.1\example\example-DIH\solr\db\data\]
INFO  - 2017-05-23 14:21:55.712; [   x:mydb] org.apache.solr.core.SolrCore; [[mydb] ] Opening new SolrCore at [C:\Users\hasee\Desktop\solr-6.5.1\solr-6.5.1\example\example-DIH\solr\mydb], dataDir=[C:\Users\hasee\Desktop\solr-6.5.1\solr-6.5.1\example\example-DIH\solr\mydb\data\]
INFO  - 2017-05-23 14:21:55.718; [   x:db] org.apache.solr.core.JmxMonitoredMap; JMX monitoring is enabled. Adding Solr mbeans to JMX Server: com.sun.jmx.mbeanserver.JmxMBeanServer@2d52216b
INFO  - 2017-05-23 14:21:55.718; [   x:mail] org.apache.solr.core.JmxMonitoredMap; JMX monitoring is enabled. Adding Solr mbeans to JMX Server: com.sun.jmx.mbeanserver.JmxMBeanServer@2d52216b
INFO  - 2017-05-23 14:21:55.718; [   x:mydb] org.apache.solr.core.JmxMonitoredMap; JMX monitoring is enabled. Adding Solr mbeans to JMX Server: com.sun.jmx.mbeanserver.JmxMBeanServer@2d52216b
INFO  - 2017-05-23 14:21:55.773; [   x:mail] org.apache.solr.response.XSLTResponseWriter; xsltCacheLifetimeSeconds=5
INFO  - 2017-05-23 14:21:55.773; [   x:mydb] org.apache.solr.response.XSLTResponseWriter; xsltCacheLifetimeSeconds=5
INFO  - 2017-05-23 14:21:55.773; [   x:db] org.apache.solr.response.XSLTResponseWriter; xsltCacheLifetimeSeconds=5
INFO  - 2017-05-23 14:21:56.091; [   x:mydb] org.apache.solr.update.UpdateHandler; Using UpdateLog implementation: org.apache.solr.update.UpdateLog
INFO  - 2017-05-23 14:21:56.091; [   x:db] org.apache.solr.update.UpdateHandler; Using UpdateLog implementation: org.apache.solr.update.UpdateLog
INFO  - 2017-05-23 14:21:56.091; [   x:mail] org.apache.solr.update.UpdateHandler; Using UpdateLog implementation: org.apache.solr.update.UpdateLog
INFO  - 2017-05-23 14:21:56.091; [   x:db] org.apache.solr.update.UpdateLog; Initializing UpdateLog: dataDir= defaultSyncLevel=FLUSH numRecordsToKeep=100 maxNumLogsToKeep=10 numVersionBuckets=65536
INFO  - 2017-05-23 14:21:56.091; [   x:mydb] org.apache.solr.update.UpdateLog; Initializing UpdateLog: dataDir= defaultSyncLevel=FLUSH numRecordsToKeep=100 maxNumLogsToKeep=10 numVersionBuckets=65536
INFO  - 2017-05-23 14:21:56.091; [   x:mail] org.apache.solr.update.UpdateLog; Initializing UpdateLog: dataDir= defaultSyncLevel=FLUSH numRecordsToKeep=100 maxNumLogsToKeep=10 numVersionBuckets=65536
INFO  - 2017-05-23 14:21:56.100; [   x:mail] org.apache.solr.update.CommitTracker; Hard AutoCommit: if uncommited for 15000ms; 
INFO  - 2017-05-23 14:21:56.100; [   x:mail] org.apache.solr.update.CommitTracker; Soft AutoCommit: disabled
INFO  - 2017-05-23 14:21:56.103; [   x:db] org.apache.solr.update.CommitTracker; Hard AutoCommit: if uncommited for 15000ms; 
INFO  - 2017-05-23 14:21:56.104; [   x:db] org.apache.solr.update.CommitTracker; Soft AutoCommit: disabled
INFO  - 2017-05-23 14:21:56.104; [   x:mydb] org.apache.solr.update.CommitTracker; Hard AutoCommit: if uncommited for 15000ms; 
INFO  - 2017-05-23 14:21:56.104; [   x:mydb] org.apache.solr.update.CommitTracker; Soft AutoCommit: disabled
INFO  - 2017-05-23 14:21:56.147; [   x:mail] org.apache.solr.search.SolrIndexSearcher; Opening [Searcher@78c78cb6[mail] main]
INFO  - 2017-05-23 14:21:56.155; [   x:mail] org.apache.solr.rest.ManagedResourceStorage$FileStorageIO; File-based storage initialized to use dir: C:\Users\hasee\Desktop\solr-6.5.1\solr-6.5.1\example\example-DIH\solr\mail\conf
INFO  - 2017-05-23 14:21:56.164; [   x:db] org.apache.solr.search.SolrIndexSearcher; Opening [Searcher@3fe67c64[db] main]
INFO  - 2017-05-23 14:21:56.164; [   x:mydb] org.apache.solr.search.SolrIndexSearcher; Opening [Searcher@39d16650[mydb] main]
INFO  - 2017-05-23 14:21:56.165; [   x:mydb] org.apache.solr.rest.ManagedResourceStorage$FileStorageIO; File-based storage initialized to use dir: C:\Users\hasee\Desktop\solr-6.5.1\solr-6.5.1\example\example-DIH\solr\mydb\conf
INFO  - 2017-05-23 14:21:56.165; [   x:db] org.apache.solr.rest.ManagedResourceStorage$FileStorageIO; File-based storage initialized to use dir: C:\Users\hasee\Desktop\solr-6.5.1\solr-6.5.1\example\example-DIH\solr\db\conf
INFO  - 2017-05-23 14:21:56.172; [   x:db] org.apache.solr.handler.component.SpellCheckComponent; Initializing spell checkers
INFO  - 2017-05-23 14:21:56.172; [   x:mail] org.apache.solr.handler.component.SpellCheckComponent; Initializing spell checkers
INFO  - 2017-05-23 14:21:56.172; [   x:mydb] org.apache.solr.handler.component.SpellCheckComponent; Initializing spell checkers
INFO  - 2017-05-23 14:21:56.178; [   x:db] org.apache.solr.spelling.DirectSolrSpellChecker; init: {name=default,field=text,classname=solr.DirectSolrSpellChecker,distanceMeasure=internal,accuracy=0.5,maxEdits=2,minPrefix=1,maxInspections=5,minQueryLength=4,maxQueryFrequency=0.01}
INFO  - 2017-05-23 14:21:56.178; [   x:mail] org.apache.solr.spelling.DirectSolrSpellChecker; init: {name=default,field=text,classname=solr.DirectSolrSpellChecker,distanceMeasure=internal,accuracy=0.5,maxEdits=2,minPrefix=1,maxInspections=5,minQueryLength=4,maxQueryFrequency=0.01}
INFO  - 2017-05-23 14:21:56.178; [   x:mydb] org.apache.solr.spelling.DirectSolrSpellChecker; init: {name=default,field=text,classname=solr.DirectSolrSpellChecker,distanceMeasure=internal,accuracy=0.5,maxEdits=2,minPrefix=1,maxInspections=5,minQueryLength=4,maxQueryFrequency=0.01}
INFO  - 2017-05-23 14:21:56.185; [   x:mail] org.apache.solr.handler.component.SuggestComponent; Initializing SuggestComponent
INFO  - 2017-05-23 14:21:56.185; [   x:db] org.apache.solr.handler.component.SuggestComponent; Initializing SuggestComponent
INFO  - 2017-05-23 14:21:56.185; [   x:mydb] org.apache.solr.handler.component.SuggestComponent; Initializing SuggestComponent
INFO  - 2017-05-23 14:21:56.188; [   x:mydb] org.apache.solr.spelling.suggest.SolrSuggester; init: {name=mySuggester,lookupImpl=FuzzyLookupFactory,dictionaryImpl=DocumentDictionaryFactory,field=cat,weightField=price,suggestAnalyzerFieldType=string}
INFO  - 2017-05-23 14:21:56.188; [   x:mail] org.apache.solr.spelling.suggest.SolrSuggester; init: {name=mySuggester,lookupImpl=FuzzyLookupFactory,dictionaryImpl=DocumentDictionaryFactory,field=cat,weightField=price,suggestAnalyzerFieldType=string}
INFO  - 2017-05-23 14:21:56.188; [   x:db] org.apache.solr.spelling.suggest.SolrSuggester; init: {name=mySuggester,lookupImpl=FuzzyLookupFactory,dictionaryImpl=DocumentDictionaryFactory,field=cat,weightField=price,suggestAnalyzerFieldType=string}
INFO  - 2017-05-23 14:21:56.203; [   x:mail] org.apache.solr.spelling.suggest.SolrSuggester; Dictionary loaded with params: {name=mySuggester,lookupImpl=FuzzyLookupFactory,dictionaryImpl=DocumentDictionaryFactory,field=cat,weightField=price,suggestAnalyzerFieldType=string}
INFO  - 2017-05-23 14:21:56.203; [   x:mydb] org.apache.solr.spelling.suggest.SolrSuggester; Dictionary loaded with params: {name=mySuggester,lookupImpl=FuzzyLookupFactory,dictionaryImpl=DocumentDictionaryFactory,field=cat,weightField=price,suggestAnalyzerFieldType=string}
INFO  - 2017-05-23 14:21:56.203; [   x:db] org.apache.solr.spelling.suggest.SolrSuggester; Dictionary loaded with params: {name=mySuggester,lookupImpl=FuzzyLookupFactory,dictionaryImpl=DocumentDictionaryFactory,field=cat,weightField=price,suggestAnalyzerFieldType=string}
INFO  - 2017-05-23 14:21:56.204; [   x:db] org.apache.solr.handler.component.SuggestComponent; Registering searcher listener for suggester: mySuggester - SuggesterListener [core=org.apache.solr.core.SolrCore@33b9db06, suggester=SolrSuggester [ name=mySuggester, sourceLocation=null, storeDir=, lookupImpl=FuzzyLookupFactory, dictionaryImpl=DocumentDictionaryFactory, sizeInBytes=0 ], buildOnCommit=false, buildOnOptimize=false, buildOnStartup=true, isCoreReload=false]
INFO  - 2017-05-23 14:21:56.204; [   x:mail] org.apache.solr.handler.component.SuggestComponent; Registering searcher listener for suggester: mySuggester - SuggesterListener [core=org.apache.solr.core.SolrCore@7d0d4bc7, suggester=SolrSuggester [ name=mySuggester, sourceLocation=null, storeDir=, lookupImpl=FuzzyLookupFactory, dictionaryImpl=DocumentDictionaryFactory, sizeInBytes=0 ], buildOnCommit=false, buildOnOptimize=false, buildOnStartup=true, isCoreReload=false]
INFO  - 2017-05-23 14:21:56.204; [   x:mydb] org.apache.solr.handler.component.SuggestComponent; Registering searcher listener for suggester: mySuggester - SuggesterListener [core=org.apache.solr.core.SolrCore@57218c57, suggester=SolrSuggester [ name=mySuggester, sourceLocation=null, storeDir=, lookupImpl=FuzzyLookupFactory, dictionaryImpl=DocumentDictionaryFactory, sizeInBytes=0 ], buildOnCommit=false, buildOnOptimize=false, buildOnStartup=true, isCoreReload=false]
INFO  - 2017-05-23 14:21:56.205; [   x:db] org.apache.solr.handler.component.QueryElevationComponent; Loading QueryElevation from: C:\Users\hasee\Desktop\solr-6.5.1\solr-6.5.1\example\example-DIH\solr\db\conf\elevate.xml
INFO  - 2017-05-23 14:21:56.205; [   x:mydb] org.apache.solr.handler.component.QueryElevationComponent; Loading QueryElevation from: C:\Users\hasee\Desktop\solr-6.5.1\solr-6.5.1\example\example-DIH\solr\mydb\conf\elevate.xml
INFO  - 2017-05-23 14:21:56.205; [   x:mail] org.apache.solr.handler.component.QueryElevationComponent; Loading QueryElevation from: C:\Users\hasee\Desktop\solr-6.5.1\solr-6.5.1\example\example-DIH\solr\mail\conf\elevate.xml
INFO  - 2017-05-23 14:21:56.215; [   x:mydb] org.apache.solr.handler.ReplicationHandler; Commits will be reserved for  10000
INFO  - 2017-05-23 14:21:56.215; [   x:db] org.apache.solr.handler.ReplicationHandler; Commits will be reserved for  10000
INFO  - 2017-05-23 14:21:56.215; [   x:mail] org.apache.solr.handler.ReplicationHandler; Commits will be reserved for  10000
INFO  - 2017-05-23 14:21:56.247; [   x:mydb] org.apache.solr.core.QuerySenderListener; QuerySenderListener sending requests to Searcher@39d16650[mydb] main{ExitableDirectoryReader(UninvertingDirectoryReader(Uninverting(_2(6.5.1):C2) Uninverting(_7(6.5.1):C1)))}
INFO  - 2017-05-23 14:21:56.248; [   x:db] org.apache.solr.core.QuerySenderListener; QuerySenderListener sending requests to Searcher@3fe67c64[db] main{ExitableDirectoryReader(UninvertingDirectoryReader(Uninverting(_0(6.5.1):C16)))}
INFO  - 2017-05-23 14:21:56.254; [   x:mail] org.apache.solr.update.UpdateLog; Could not find max version in index or recent updates, using new clock 1568197119840354304
INFO  - 2017-05-23 14:21:56.255; [   x:mail] org.apache.solr.core.QuerySenderListener; QuerySenderListener sending requests to Searcher@78c78cb6[mail] main{ExitableDirectoryReader(UninvertingDirectoryReader())}
INFO  - 2017-05-23 14:21:56.262; [   ] org.apache.solr.core.SolrResourceLoader; [null] Added 2 libs to classloader, from paths: [/C:/Users/hasee/Desktop/solr-6.5.1/solr-6.5.1/example/example-DIH/solr/pgdb/lib]
INFO  - 2017-05-23 14:21:56.301; [   ] org.apache.solr.core.SolrResourceLoader; [solr] Added 46 libs to classloader, from paths: [/C:/Users/hasee/Desktop/solr-6.5.1/solr-6.5.1/contrib/extraction/lib, /C:/Users/hasee/Desktop/solr-6.5.1/solr-6.5.1/contrib/langid/lib, /C:/Users/hasee/Desktop/solr-6.5.1/solr-6.5.1/contrib/velocity/lib, /C:/Users/hasee/Desktop/solr-6.5.1/solr-6.5.1/dist]
INFO  - 2017-05-23 14:21:56.304; [   ] org.apache.solr.core.SolrResourceLoader; [rss] Added 46 libs to classloader, from paths: [/C:/Users/hasee/Desktop/solr-6.5.1/solr-6.5.1/contrib/extraction/lib, /C:/Users/hasee/Desktop/solr-6.5.1/solr-6.5.1/contrib/langid/lib, /C:/Users/hasee/Desktop/solr-6.5.1/solr-6.5.1/contrib/velocity/lib, /C:/Users/hasee/Desktop/solr-6.5.1/solr-6.5.1/dist]
INFO  - 2017-05-23 14:21:56.310; [   x:mydb] org.apache.solr.core.SolrCore; [mydb]  webapp=null path=null params={q=static+firstSearcher+warming+in+solrconfig.xml&distrib=false&event=firstSearcher} hits=0 status=0 QTime=60
INFO  - 2017-05-23 14:21:56.311; [   x:mydb] org.apache.solr.core.QuerySenderListener; QuerySenderListener done.
INFO  - 2017-05-23 14:21:56.312; [   x:mydb] org.apache.solr.handler.component.SpellCheckComponent$SpellCheckerListener; Loading spell index for spellchecker: default
INFO  - 2017-05-23 14:21:56.312; [   x:mydb] org.apache.solr.handler.component.SpellCheckComponent$SpellCheckerListener; Loading spell index for spellchecker: wordbreak
INFO  - 2017-05-23 14:21:56.312; [   x:mydb] org.apache.solr.handler.component.SuggestComponent$SuggesterListener; buildOnStartup: mySuggester
INFO  - 2017-05-23 14:21:56.313; [   x:mydb] org.apache.solr.spelling.suggest.SolrSuggester; SolrSuggester.build(mySuggester)
INFO  - 2017-05-23 14:21:56.330; [   ] org.apache.solr.core.SolrResourceLoader; [pgdb] Added 47 libs to classloader, from paths: [/C:/Users/hasee/Desktop/solr-6.5.1/solr-6.5.1/contrib/extraction/lib, /C:/Users/hasee/Desktop/solr-6.5.1/solr-6.5.1/contrib/langid/lib, /C:/Users/hasee/Desktop/solr-6.5.1/solr-6.5.1/contrib/velocity/lib, /C:/Users/hasee/Desktop/solr-6.5.1/solr-6.5.1/dist, /C:/Users/hasee/Desktop/solr-6.5.1/solr-6.5.1/example/example-DIH/solr/pgdb/lib]
INFO  - 2017-05-23 14:21:56.338; [   ] org.apache.solr.update.SolrIndexConfig; IndexWriter infoStream solr logging is enabled
INFO  - 2017-05-23 14:21:56.339; [   ] org.apache.solr.update.SolrIndexConfig; IndexWriter infoStream solr logging is enabled
INFO  - 2017-05-23 14:21:56.341; [   ] org.apache.solr.core.SolrConfig; Using Lucene MatchVersion: 6.5.1
INFO  - 2017-05-23 14:21:56.349; [   ] org.apache.solr.core.SolrConfig; Using Lucene MatchVersion: 6.5.1
INFO  - 2017-05-23 14:21:56.353; [   x:mail] org.apache.solr.core.SolrCore; [mail]  webapp=null path=null params={q=static+firstSearcher+warming+in+solrconfig.xml&distrib=false&event=firstSearcher} hits=0 status=0 QTime=98
INFO  - 2017-05-23 14:21:56.353; [   x:mail] org.apache.solr.core.QuerySenderListener; QuerySenderListener done.
INFO  - 2017-05-23 14:21:56.353; [   x:mail] org.apache.solr.handler.component.SpellCheckComponent$SpellCheckerListener; Loading spell index for spellchecker: default
INFO  - 2017-05-23 14:21:56.353; [   x:mail] org.apache.solr.handler.component.SpellCheckComponent$SpellCheckerListener; Loading spell index for spellchecker: wordbreak
INFO  - 2017-05-23 14:21:56.353; [   x:mail] org.apache.solr.handler.component.SuggestComponent$SuggesterListener; buildOnStartup: mySuggester
INFO  - 2017-05-23 14:21:56.353; [   x:mail] org.apache.solr.spelling.suggest.SolrSuggester; SolrSuggester.build(mySuggester)
INFO  - 2017-05-23 14:21:56.357; [   x:db] org.apache.solr.core.SolrCore; [db]  webapp=null path=null params={q=static+firstSearcher+warming+in+solrconfig.xml&distrib=false&event=firstSearcher} hits=3 status=0 QTime=106
INFO  - 2017-05-23 14:21:56.363; [   x:db] org.apache.solr.core.QuerySenderListener; QuerySenderListener done.
INFO  - 2017-05-23 14:21:56.363; [   x:db] org.apache.solr.handler.component.SpellCheckComponent$SpellCheckerListener; Loading spell index for spellchecker: default
INFO  - 2017-05-23 14:21:56.363; [   x:db] org.apache.solr.handler.component.SpellCheckComponent$SpellCheckerListener; Loading spell index for spellchecker: wordbreak
INFO  - 2017-05-23 14:21:56.363; [   x:db] org.apache.solr.handler.component.SuggestComponent$SuggesterListener; buildOnStartup: mySuggester
INFO  - 2017-05-23 14:21:56.363; [   x:db] org.apache.solr.spelling.suggest.SolrSuggester; SolrSuggester.build(mySuggester)
INFO  - 2017-05-23 14:21:56.404; [   ] org.apache.solr.update.SolrIndexConfig; IndexWriter infoStream solr logging is enabled
INFO  - 2017-05-23 14:21:56.405; [   ] org.apache.solr.core.SolrConfig; Using Lucene MatchVersion: 6.5.1
INFO  - 2017-05-23 14:21:56.409; [   x:mail] org.apache.solr.core.SolrCore; [mail] Registered new searcher Searcher@78c78cb6[mail] main{ExitableDirectoryReader(UninvertingDirectoryReader())}
INFO  - 2017-05-23 14:21:56.416; [   x:mydb] org.apache.solr.core.SolrCore; [mydb] Registered new searcher Searcher@39d16650[mydb] main{ExitableDirectoryReader(UninvertingDirectoryReader(Uninverting(_2(6.5.1):C2) Uninverting(_7(6.5.1):C1)))}
INFO  - 2017-05-23 14:21:56.417; [   ] org.apache.solr.schema.IndexSchema; [rss] Schema name=example-DIH-rss
INFO  - 2017-05-23 14:21:56.418; [   ] org.apache.solr.schema.IndexSchema; [solr] Schema name=example-DIH-solr
INFO  - 2017-05-23 14:21:56.419; [   x:db] org.apache.solr.core.SolrCore; [db] Registered new searcher Searcher@3fe67c64[db] main{ExitableDirectoryReader(UninvertingDirectoryReader(Uninverting(_0(6.5.1):C16)))}
ERROR - 2017-05-23 14:21:56.484; [   ] org.apache.solr.common.SolrException; Exception during parsing file: schema:org.xml.sax.SAXParseException; systemId: solrres:/managed-schema; lineNumber: 423; columnNumber: 6; 注释中不允许出现字符串 "--"。
	at com.sun.org.apache.xerces.internal.util.ErrorHandlerWrapper.createSAXParseException(ErrorHandlerWrapper.java:203)
	at com.sun.org.apache.xerces.internal.util.ErrorHandlerWrapper.fatalError(ErrorHandlerWrapper.java:177)
	at com.sun.org.apache.xerces.internal.impl.XMLErrorReporter.reportError(XMLErrorReporter.java:400)
	at com.sun.org.apache.xerces.internal.impl.XMLErrorReporter.reportError(XMLErrorReporter.java:327)
	at com.sun.org.apache.xerces.internal.impl.XMLScanner.reportFatalError(XMLScanner.java:1472)
	at com.sun.org.apache.xerces.internal.impl.XMLScanner.scanComment(XMLScanner.java:819)
	at com.sun.org.apache.xerces.internal.impl.XMLDocumentFragmentScannerImpl.scanComment(XMLDocumentFragmentScannerImpl.java:1034)
	at com.sun.org.apache.xerces.internal.impl.XMLDocumentFragmentScannerImpl$FragmentContentDriver.next(XMLDocumentFragmentScannerImpl.java:2982)
	at com.sun.org.apache.xerces.internal.impl.XMLDocumentScannerImpl.next(XMLDocumentScannerImpl.java:602)
	at com.sun.org.apache.xerces.internal.impl.XMLNSDocumentScannerImpl.next(XMLNSDocumentScannerImpl.java:112)
	at com.sun.org.apache.xerces.internal.impl.XMLDocumentFragmentScannerImpl.scanDocument(XMLDocumentFragmentScannerImpl.java:505)
	at com.sun.org.apache.xerces.internal.parsers.XML11Configuration.parse(XML11Configuration.java:841)
	at com.sun.org.apache.xerces.internal.parsers.XML11Configuration.parse(XML11Configuration.java:770)
	at com.sun.org.apache.xerces.internal.parsers.XMLParser.parse(XMLParser.java:141)
	at com.sun.org.apache.xerces.internal.parsers.DOMParser.parse(DOMParser.java:243)
	at com.sun.org.apache.xerces.internal.jaxp.DocumentBuilderImpl.parse(DocumentBuilderImpl.java:339)
	at org.apache.solr.core.Config.<init>(Config.java:143)
	at org.apache.solr.core.Config.<init>(Config.java:90)
	at org.apache.solr.schema.IndexSchema.readSchema(IndexSchema.java:460)
	at org.apache.solr.schema.IndexSchema.<init>(IndexSchema.java:183)
	at org.apache.solr.schema.ManagedIndexSchema.<init>(ManagedIndexSchema.java:104)
	at org.apache.solr.schema.ManagedIndexSchemaFactory.create(ManagedIndexSchemaFactory.java:173)
	at org.apache.solr.schema.ManagedIndexSchemaFactory.create(ManagedIndexSchemaFactory.java:45)
	at org.apache.solr.schema.IndexSchemaFactory.buildIndexSchema(IndexSchemaFactory.java:75)
	at org.apache.solr.core.ConfigSetService.createIndexSchema(ConfigSetService.java:106)
	at org.apache.solr.core.ConfigSetService.getConfig(ConfigSetService.java:78)
	at org.apache.solr.core.CoreContainer.create(CoreContainer.java:915)
	at org.apache.solr.core.CoreContainer.lambda$load$5(CoreContainer.java:553)
	at com.codahale.metrics.InstrumentedExecutorService$InstrumentedCallable.call(InstrumentedExecutorService.java:197)
	at java.util.concurrent.FutureTask.run(FutureTask.java:266)
	at org.apache.solr.common.util.ExecutorUtil$MDCAwareThreadPoolExecutor.lambda$execute$0(ExecutorUtil.java:229)
	at java.util.concurrent.ThreadPoolExecutor.runWorker(ThreadPoolExecutor.java:1142)
	at java.util.concurrent.ThreadPoolExecutor$Worker.run(ThreadPoolExecutor.java:617)
	at java.lang.Thread.run(Thread.java:745)

ERROR - 2017-05-23 14:21:56.487; [   ] org.apache.solr.core.CoreContainer; Error waiting for SolrCore to be created
java.util.concurrent.ExecutionException: org.apache.solr.common.SolrException: Unable to create core [pgdb]
	at java.util.concurrent.FutureTask.report(FutureTask.java:122)
	at java.util.concurrent.FutureTask.get(FutureTask.java:192)
	at org.apache.solr.core.CoreContainer.lambda$load$6(CoreContainer.java:581)
	at com.codahale.metrics.InstrumentedExecutorService$InstrumentedRunnable.run(InstrumentedExecutorService.java:176)
	at java.util.concurrent.Executors$RunnableAdapter.call(Executors.java:511)
	at java.util.concurrent.FutureTask.run(FutureTask.java:266)
	at org.apache.solr.common.util.ExecutorUtil$MDCAwareThreadPoolExecutor.lambda$execute$0(ExecutorUtil.java:229)
	at java.util.concurrent.ThreadPoolExecutor.runWorker(ThreadPoolExecutor.java:1142)
	at java.util.concurrent.ThreadPoolExecutor$Worker.run(ThreadPoolExecutor.java:617)
	at java.lang.Thread.run(Thread.java:745)
Caused by: org.apache.solr.common.SolrException: Unable to create core [pgdb]
	at org.apache.solr.core.CoreContainer.create(CoreContainer.java:933)
	at org.apache.solr.core.CoreContainer.lambda$load$5(CoreContainer.java:553)
	at com.codahale.metrics.InstrumentedExecutorService$InstrumentedCallable.call(InstrumentedExecutorService.java:197)
	... 5 more
Caused by: org.apache.solr.common.SolrException: Could not load conf for core pgdb: Can't load schema C:\Users\hasee\Desktop\solr-6.5.1\solr-6.5.1\example\example-DIH\solr\pgdb\conf\managed-schema: org.xml.sax.SAXParseException; systemId: solrres:/managed-schema; lineNumber: 423; columnNumber: 6; 注释中不允许出现字符串 "--"。
	at org.apache.solr.core.ConfigSetService.getConfig(ConfigSetService.java:84)
	at org.apache.solr.core.CoreContainer.create(CoreContainer.java:915)
	... 7 more
Caused by: org.apache.solr.common.SolrException: Can't load schema C:\Users\hasee\Desktop\solr-6.5.1\solr-6.5.1\example\example-DIH\solr\pgdb\conf\managed-schema: org.xml.sax.SAXParseException; systemId: solrres:/managed-schema; lineNumber: 423; columnNumber: 6; 注释中不允许出现字符串 "--"。
	at org.apache.solr.schema.IndexSchema.readSchema(IndexSchema.java:598)
	at org.apache.solr.schema.IndexSchema.<init>(IndexSchema.java:183)
	at org.apache.solr.schema.ManagedIndexSchema.<init>(ManagedIndexSchema.java:104)
	at org.apache.solr.schema.ManagedIndexSchemaFactory.create(ManagedIndexSchemaFactory.java:173)
	at org.apache.solr.schema.ManagedIndexSchemaFactory.create(ManagedIndexSchemaFactory.java:45)
	at org.apache.solr.schema.IndexSchemaFactory.buildIndexSchema(IndexSchemaFactory.java:75)
	at org.apache.solr.core.ConfigSetService.createIndexSchema(ConfigSetService.java:106)
	at org.apache.solr.core.ConfigSetService.getConfig(ConfigSetService.java:78)
	... 8 more
Caused by: org.apache.solr.common.SolrException: org.xml.sax.SAXParseException; systemId: solrres:/managed-schema; lineNumber: 423; columnNumber: 6; 注释中不允许出现字符串 "--"。
	at org.apache.solr.core.Config.<init>(Config.java:154)
	at org.apache.solr.core.Config.<init>(Config.java:90)
	at org.apache.solr.schema.IndexSchema.readSchema(IndexSchema.java:460)
	... 15 more
Caused by: org.xml.sax.SAXParseException; systemId: solrres:/managed-schema; lineNumber: 423; columnNumber: 6; 注释中不允许出现字符串 "--"。
	at com.sun.org.apache.xerces.internal.util.ErrorHandlerWrapper.createSAXParseException(ErrorHandlerWrapper.java:203)
	at com.sun.org.apache.xerces.internal.util.ErrorHandlerWrapper.fatalError(ErrorHandlerWrapper.java:177)
	at com.sun.org.apache.xerces.internal.impl.XMLErrorReporter.reportError(XMLErrorReporter.java:400)
	at com.sun.org.apache.xerces.internal.impl.XMLErrorReporter.reportError(XMLErrorReporter.java:327)
	at com.sun.org.apache.xerces.internal.impl.XMLScanner.reportFatalError(XMLScanner.java:1472)
	at com.sun.org.apache.xerces.internal.impl.XMLScanner.scanComment(XMLScanner.java:819)
	at com.sun.org.apache.xerces.internal.impl.XMLDocumentFragmentScannerImpl.scanComment(XMLDocumentFragmentScannerImpl.java:1034)
	at com.sun.org.apache.xerces.internal.impl.XMLDocumentFragmentScannerImpl$FragmentContentDriver.next(XMLDocumentFragmentScannerImpl.java:2982)
	at com.sun.org.apache.xerces.internal.impl.XMLDocumentScannerImpl.next(XMLDocumentScannerImpl.java:602)
	at com.sun.org.apache.xerces.internal.impl.XMLNSDocumentScannerImpl.next(XMLNSDocumentScannerImpl.java:112)
	at com.sun.org.apache.xerces.internal.impl.XMLDocumentFragmentScannerImpl.scanDocument(XMLDocumentFragmentScannerImpl.java:505)
	at com.sun.org.apache.xerces.internal.parsers.XML11Configuration.parse(XML11Configuration.java:841)
	at com.sun.org.apache.xerces.internal.parsers.XML11Configuration.parse(XML11Configuration.java:770)
	at com.sun.org.apache.xerces.internal.parsers.XMLParser.parse(XMLParser.java:141)
	at com.sun.org.apache.xerces.internal.parsers.DOMParser.parse(DOMParser.java:243)
	at com.sun.org.apache.xerces.internal.jaxp.DocumentBuilderImpl.parse(DocumentBuilderImpl.java:339)
	at org.apache.solr.core.Config.<init>(Config.java:143)
	... 17 more
WARN  - 2017-05-23 14:21:56.501; [   ] org.apache.solr.core.SolrConfig; Couldn't add files from C:\Users\hasee\Desktop\solr-6.5.1\solr-6.5.1\contrib\dataimporthandler\lib filtered by .*\.jar to classpath: C:\Users\hasee\Desktop\solr-6.5.1\solr-6.5.1\contrib\dataimporthandler\lib
INFO  - 2017-05-23 14:21:56.506; [   ] org.apache.solr.core.SolrResourceLoader; [tika] Added 46 libs to classloader, from paths: [/C:/Users/hasee/Desktop/solr-6.5.1/solr-6.5.1/contrib/extraction/lib, /C:/Users/hasee/Desktop/solr-6.5.1/solr-6.5.1/contrib/langid/lib, /C:/Users/hasee/Desktop/solr-6.5.1/solr-6.5.1/contrib/velocity/lib, /C:/Users/hasee/Desktop/solr-6.5.1/solr-6.5.1/dist]
INFO  - 2017-05-23 14:21:56.546; [   ] org.apache.solr.update.SolrIndexConfig; IndexWriter infoStream solr logging is enabled
INFO  - 2017-05-23 14:21:56.548; [   ] org.apache.solr.core.SolrConfig; Using Lucene MatchVersion: 6.5.1
INFO  - 2017-05-23 14:21:56.593; [   ] org.apache.solr.schema.IndexSchema; [tika] Schema name=example-DIH-tika
INFO  - 2017-05-23 14:21:56.703; [   ] org.apache.solr.schema.IndexSchema; Loaded schema example-DIH-solr/1.6 with uniqueid field id
INFO  - 2017-05-23 14:21:56.704; [   ] org.apache.solr.schema.IndexSchema; Loaded schema example-DIH-rss/1.6 with uniqueid field link
INFO  - 2017-05-23 14:21:56.733; [   ] org.apache.solr.core.CoreContainer; Creating SolrCore 'rss' using configuration from instancedir C:\Users\hasee\Desktop\solr-6.5.1\solr-6.5.1\example\example-DIH\solr\rss
INFO  - 2017-05-23 14:21:56.733; [   ] org.apache.solr.core.SolrCore; solr.RecoveryStrategy.Builder
INFO  - 2017-05-23 14:21:56.733; [   ] org.apache.solr.core.SolrCore; [[rss] ] Opening new SolrCore at [C:\Users\hasee\Desktop\solr-6.5.1\solr-6.5.1\example\example-DIH\solr\rss], dataDir=[C:\Users\hasee\Desktop\solr-6.5.1\solr-6.5.1\example\example-DIH\solr\rss\data\]
INFO  - 2017-05-23 14:21:56.734; [   ] org.apache.solr.core.JmxMonitoredMap; JMX monitoring is enabled. Adding Solr mbeans to JMX Server: com.sun.jmx.mbeanserver.JmxMBeanServer@2d52216b
INFO  - 2017-05-23 14:21:56.737; [   ] org.apache.solr.core.CoreContainer; Creating SolrCore 'solr' using configuration from instancedir C:\Users\hasee\Desktop\solr-6.5.1\solr-6.5.1\example\example-DIH\solr\solr
INFO  - 2017-05-23 14:21:56.737; [   ] org.apache.solr.core.SolrCore; solr.RecoveryStrategy.Builder
INFO  - 2017-05-23 14:21:56.737; [   ] org.apache.solr.core.SolrCore; [[solr] ] Opening new SolrCore at [C:\Users\hasee\Desktop\solr-6.5.1\solr-6.5.1\example\example-DIH\solr\solr], dataDir=[C:\Users\hasee\Desktop\solr-6.5.1\solr-6.5.1\example\example-DIH\solr\solr\data\]
INFO  - 2017-05-23 14:21:56.738; [   ] org.apache.solr.core.JmxMonitoredMap; JMX monitoring is enabled. Adding Solr mbeans to JMX Server: com.sun.jmx.mbeanserver.JmxMBeanServer@2d52216b
INFO  - 2017-05-23 14:21:56.739; [   ] org.apache.solr.response.XSLTResponseWriter; xsltCacheLifetimeSeconds=5
INFO  - 2017-05-23 14:21:56.744; [   ] org.apache.solr.response.XSLTResponseWriter; xsltCacheLifetimeSeconds=5
WARN  - 2017-05-23 14:21:56.755; [   ] org.apache.solr.schema.IndexSchema; no uniqueKey specified in schema.
INFO  - 2017-05-23 14:21:56.757; [   ] org.apache.solr.schema.IndexSchema; Loaded schema example-DIH-tika/1.6 with uniqueid field null
INFO  - 2017-05-23 14:21:56.758; [   ] org.apache.solr.core.CoreContainer; Creating SolrCore 'tika' using configuration from instancedir C:\Users\hasee\Desktop\solr-6.5.1\solr-6.5.1\example\example-DIH\solr\tika
INFO  - 2017-05-23 14:21:56.759; [   ] org.apache.solr.core.SolrCore; solr.RecoveryStrategy.Builder
INFO  - 2017-05-23 14:21:56.759; [   ] org.apache.solr.core.SolrCore; [[tika] ] Opening new SolrCore at [C:\Users\hasee\Desktop\solr-6.5.1\solr-6.5.1\example\example-DIH\solr\tika], dataDir=[C:\Users\hasee\Desktop\solr-6.5.1\solr-6.5.1\example\example-DIH\solr\tika\data\]
INFO  - 2017-05-23 14:21:56.759; [   ] org.apache.solr.core.JmxMonitoredMap; JMX monitoring is enabled. Adding Solr mbeans to JMX Server: com.sun.jmx.mbeanserver.JmxMBeanServer@2d52216b
INFO  - 2017-05-23 14:21:56.765; [   ] org.apache.solr.response.XSLTResponseWriter; xsltCacheLifetimeSeconds=5
INFO  - 2017-05-23 14:21:56.796; [   ] org.apache.solr.update.UpdateHandler; Using UpdateLog implementation: org.apache.solr.update.UpdateLog
INFO  - 2017-05-23 14:21:56.796; [   ] org.apache.solr.update.UpdateLog; Initializing UpdateLog: dataDir= defaultSyncLevel=FLUSH numRecordsToKeep=100 maxNumLogsToKeep=10 numVersionBuckets=65536
INFO  - 2017-05-23 14:21:56.812; [   ] org.apache.solr.update.CommitTracker; Hard AutoCommit: if uncommited for 15000ms; 
INFO  - 2017-05-23 14:21:56.812; [   ] org.apache.solr.update.CommitTracker; Soft AutoCommit: disabled
INFO  - 2017-05-23 14:21:56.815; [   ] org.apache.solr.search.SolrIndexSearcher; Opening [Searcher@f56d320[rss] main]
INFO  - 2017-05-23 14:21:56.816; [   ] org.apache.solr.rest.ManagedResourceStorage$FileStorageIO; File-based storage initialized to use dir: C:\Users\hasee\Desktop\solr-6.5.1\solr-6.5.1\example\example-DIH\solr\rss\conf
INFO  - 2017-05-23 14:21:56.816; [   ] org.apache.solr.handler.component.SpellCheckComponent; Initializing spell checkers
INFO  - 2017-05-23 14:21:56.816; [   ] org.apache.solr.spelling.DirectSolrSpellChecker; init: {name=default,field=text,classname=solr.DirectSolrSpellChecker,distanceMeasure=internal,accuracy=0.5,maxEdits=2,minPrefix=1,maxInspections=5,minQueryLength=4,maxQueryFrequency=0.01}
INFO  - 2017-05-23 14:21:56.817; [   ] org.apache.solr.handler.component.SuggestComponent; Initializing SuggestComponent
INFO  - 2017-05-23 14:21:56.817; [   ] org.apache.solr.spelling.suggest.SolrSuggester; init: {name=mySuggester,lookupImpl=FuzzyLookupFactory,dictionaryImpl=DocumentDictionaryFactory,field=cat,weightField=price,suggestAnalyzerFieldType=string}
INFO  - 2017-05-23 14:21:56.817; [   ] org.apache.solr.spelling.suggest.SolrSuggester; Dictionary loaded with params: {name=mySuggester,lookupImpl=FuzzyLookupFactory,dictionaryImpl=DocumentDictionaryFactory,field=cat,weightField=price,suggestAnalyzerFieldType=string}
INFO  - 2017-05-23 14:21:56.817; [   ] org.apache.solr.handler.component.SuggestComponent; Registering searcher listener for suggester: mySuggester - SuggesterListener [core=org.apache.solr.core.SolrCore@719040ef, suggester=SolrSuggester [ name=mySuggester, sourceLocation=null, storeDir=, lookupImpl=FuzzyLookupFactory, dictionaryImpl=DocumentDictionaryFactory, sizeInBytes=0 ], buildOnCommit=false, buildOnOptimize=false, buildOnStartup=true, isCoreReload=false]
INFO  - 2017-05-23 14:21:56.818; [   ] org.apache.solr.handler.component.QueryElevationComponent; Loading QueryElevation from: C:\Users\hasee\Desktop\solr-6.5.1\solr-6.5.1\example\example-DIH\solr\rss\conf\elevate.xml
INFO  - 2017-05-23 14:21:56.821; [   ] org.apache.solr.handler.ReplicationHandler; Commits will be reserved for  10000
INFO  - 2017-05-23 14:21:56.823; [   ] org.apache.solr.update.UpdateHandler; Using UpdateLog implementation: org.apache.solr.update.UpdateLog
INFO  - 2017-05-23 14:21:56.823; [   ] org.apache.solr.update.UpdateLog; Initializing UpdateLog: dataDir= defaultSyncLevel=FLUSH numRecordsToKeep=100 maxNumLogsToKeep=10 numVersionBuckets=65536
INFO  - 2017-05-23 14:21:56.825; [   ] org.apache.solr.update.CommitTracker; Hard AutoCommit: if uncommited for 15000ms; 
INFO  - 2017-05-23 14:21:56.825; [   ] org.apache.solr.update.CommitTracker; Soft AutoCommit: disabled
INFO  - 2017-05-23 14:21:56.827; [   ] org.apache.solr.core.QuerySenderListener; QuerySenderListener sending requests to Searcher@f56d320[rss] main{ExitableDirectoryReader(UninvertingDirectoryReader())}
INFO  - 2017-05-23 14:21:56.827; [   ] org.apache.solr.search.SolrIndexSearcher; Opening [Searcher@42947be6[solr] main]
INFO  - 2017-05-23 14:21:56.828; [   ] org.apache.solr.rest.ManagedResourceStorage$FileStorageIO; File-based storage initialized to use dir: C:\Users\hasee\Desktop\solr-6.5.1\solr-6.5.1\example\example-DIH\solr\solr\conf
INFO  - 2017-05-23 14:21:56.828; [   ] org.apache.solr.handler.component.SpellCheckComponent; Initializing spell checkers
INFO  - 2017-05-23 14:21:56.829; [   ] org.apache.solr.spelling.DirectSolrSpellChecker; init: {name=default,field=text,classname=solr.DirectSolrSpellChecker,distanceMeasure=internal,accuracy=0.5,maxEdits=2,minPrefix=1,maxInspections=5,minQueryLength=4,maxQueryFrequency=0.01}
INFO  - 2017-05-23 14:21:56.829; [   ] org.apache.solr.core.SolrCore; [rss]  webapp=null path=null params={q=static+firstSearcher+warming+in+solrconfig.xml&distrib=false&event=firstSearcher} hits=0 status=0 QTime=1
INFO  - 2017-05-23 14:21:56.829; [   ] org.apache.solr.core.QuerySenderListener; QuerySenderListener done.
INFO  - 2017-05-23 14:21:56.829; [   ] org.apache.solr.handler.component.SpellCheckComponent$SpellCheckerListener; Loading spell index for spellchecker: default
INFO  - 2017-05-23 14:21:56.829; [   ] org.apache.solr.handler.component.SpellCheckComponent$SpellCheckerListener; Loading spell index for spellchecker: wordbreak
INFO  - 2017-05-23 14:21:56.829; [   ] org.apache.solr.handler.component.SuggestComponent$SuggesterListener; buildOnStartup: mySuggester
INFO  - 2017-05-23 14:21:56.829; [   ] org.apache.solr.spelling.suggest.SolrSuggester; SolrSuggester.build(mySuggester)
INFO  - 2017-05-23 14:21:56.830; [   ] org.apache.solr.update.UpdateLog; Could not find max version in index or recent updates, using new clock 1568197120444334080
INFO  - 2017-05-23 14:21:56.830; [   ] org.apache.solr.update.CommitTracker; Hard AutoCommit: if uncommited for 15000ms; 
INFO  - 2017-05-23 14:21:56.829; [   ] org.apache.solr.handler.component.SuggestComponent; Initializing SuggestComponent
INFO  - 2017-05-23 14:21:56.831; [   ] org.apache.solr.update.CommitTracker; Soft AutoCommit: disabled
INFO  - 2017-05-23 14:21:56.831; [   ] org.apache.solr.spelling.suggest.SolrSuggester; init: {name=mySuggester,lookupImpl=FuzzyLookupFactory,dictionaryImpl=DocumentDictionaryFactory,field=cat,weightField=price,suggestAnalyzerFieldType=string}
INFO  - 2017-05-23 14:21:56.831; [   ] org.apache.solr.spelling.suggest.SolrSuggester; Dictionary loaded with params: {name=mySuggester,lookupImpl=FuzzyLookupFactory,dictionaryImpl=DocumentDictionaryFactory,field=cat,weightField=price,suggestAnalyzerFieldType=string}
INFO  - 2017-05-23 14:21:56.831; [   ] org.apache.solr.handler.component.SuggestComponent; Registering searcher listener for suggester: mySuggester - SuggesterListener [core=org.apache.solr.core.SolrCore@1f3c7cb2, suggester=SolrSuggester [ name=mySuggester, sourceLocation=null, storeDir=, lookupImpl=FuzzyLookupFactory, dictionaryImpl=DocumentDictionaryFactory, sizeInBytes=0 ], buildOnCommit=false, buildOnOptimize=false, buildOnStartup=true, isCoreReload=false]
INFO  - 2017-05-23 14:21:56.832; [   ] org.apache.solr.handler.component.QueryElevationComponent; Loading QueryElevation from: C:\Users\hasee\Desktop\solr-6.5.1\solr-6.5.1\example\example-DIH\solr\solr\conf\elevate.xml
INFO  - 2017-05-23 14:21:56.834; [   ] org.apache.solr.search.SolrIndexSearcher; Opening [Searcher@642b3a58[tika] main]
INFO  - 2017-05-23 14:21:56.835; [   ] org.apache.solr.rest.ManagedResourceStorage$FileStorageIO; File-based storage initialized to use dir: C:\Users\hasee\Desktop\solr-6.5.1\solr-6.5.1\example\example-DIH\solr\tika\conf
INFO  - 2017-05-23 14:21:56.835; [   ] org.apache.solr.handler.component.SpellCheckComponent; Initializing spell checkers
INFO  - 2017-05-23 14:21:56.836; [   ] org.apache.solr.spelling.DirectSolrSpellChecker; init: {name=default,field=text,classname=solr.DirectSolrSpellChecker,distanceMeasure=internal,accuracy=0.5,maxEdits=2,minPrefix=1,maxInspections=5,minQueryLength=4,maxQueryFrequency=0.01}
INFO  - 2017-05-23 14:21:56.836; [   ] org.apache.solr.handler.ReplicationHandler; Commits will be reserved for  10000
INFO  - 2017-05-23 14:21:56.836; [   ] org.apache.solr.core.SolrCore; [rss] Registered new searcher Searcher@f56d320[rss] main{ExitableDirectoryReader(UninvertingDirectoryReader())}
INFO  - 2017-05-23 14:21:56.836; [   ] org.apache.solr.handler.component.SuggestComponent; Initializing SuggestComponent
INFO  - 2017-05-23 14:21:56.836; [   ] org.apache.solr.spelling.suggest.SolrSuggester; init: {name=mySuggester,lookupImpl=FuzzyLookupFactory,dictionaryImpl=DocumentDictionaryFactory,field=cat,weightField=price,suggestAnalyzerFieldType=string}
INFO  - 2017-05-23 14:21:56.837; [   ] org.apache.solr.spelling.suggest.SolrSuggester; Dictionary loaded with params: {name=mySuggester,lookupImpl=FuzzyLookupFactory,dictionaryImpl=DocumentDictionaryFactory,field=cat,weightField=price,suggestAnalyzerFieldType=string}
INFO  - 2017-05-23 14:21:56.837; [   ] org.apache.solr.handler.component.SuggestComponent; Registering searcher listener for suggester: mySuggester - SuggesterListener [core=org.apache.solr.core.SolrCore@3b78c6bd, suggester=SolrSuggester [ name=mySuggester, sourceLocation=null, storeDir=, lookupImpl=FuzzyLookupFactory, dictionaryImpl=DocumentDictionaryFactory, sizeInBytes=0 ], buildOnCommit=false, buildOnOptimize=false, buildOnStartup=true, isCoreReload=false]
INFO  - 2017-05-23 14:21:56.837; [   ] org.apache.solr.handler.ReplicationHandler; Commits will be reserved for  10000
INFO  - 2017-05-23 14:21:56.841; [   ] org.apache.solr.core.QuerySenderListener; QuerySenderListener sending requests to Searcher@42947be6[solr] main{ExitableDirectoryReader(UninvertingDirectoryReader())}
INFO  - 2017-05-23 14:21:56.842; [   ] org.apache.solr.core.SolrCore; [solr]  webapp=null path=null params={q=static+firstSearcher+warming+in+solrconfig.xml&distrib=false&event=firstSearcher} hits=0 status=0 QTime=1
INFO  - 2017-05-23 14:21:56.842; [   ] org.apache.solr.core.QuerySenderListener; QuerySenderListener done.
INFO  - 2017-05-23 14:21:56.842; [   ] org.apache.solr.core.QuerySenderListener; QuerySenderListener sending requests to Searcher@642b3a58[tika] main{ExitableDirectoryReader(UninvertingDirectoryReader())}
INFO  - 2017-05-23 14:21:56.842; [   ] org.apache.solr.handler.component.SpellCheckComponent$SpellCheckerListener; Loading spell index for spellchecker: default
INFO  - 2017-05-23 14:21:56.843; [   ] org.apache.solr.handler.component.SpellCheckComponent$SpellCheckerListener; Loading spell index for spellchecker: wordbreak
INFO  - 2017-05-23 14:21:56.843; [   ] org.apache.solr.handler.component.SuggestComponent$SuggesterListener; buildOnStartup: mySuggester
INFO  - 2017-05-23 14:21:56.843; [   ] org.apache.solr.spelling.suggest.SolrSuggester; SolrSuggester.build(mySuggester)
INFO  - 2017-05-23 14:21:56.843; [   ] org.apache.solr.update.UpdateLog; Could not find max version in index or recent updates, using new clock 1568197120457965568
INFO  - 2017-05-23 14:21:56.843; [   ] org.apache.solr.core.SolrCore; [tika]  webapp=null path=null params={q=static+firstSearcher+warming+in+solrconfig.xml&distrib=false&event=firstSearcher} hits=0 status=0 QTime=0
INFO  - 2017-05-23 14:21:56.844; [   ] org.apache.solr.core.QuerySenderListener; QuerySenderListener done.
INFO  - 2017-05-23 14:21:56.844; [   ] org.apache.solr.handler.component.SpellCheckComponent$SpellCheckerListener; Loading spell index for spellchecker: default
INFO  - 2017-05-23 14:21:56.844; [   ] org.apache.solr.handler.component.SpellCheckComponent$SpellCheckerListener; Loading spell index for spellchecker: wordbreak
INFO  - 2017-05-23 14:21:56.844; [   ] org.apache.solr.handler.component.SuggestComponent$SuggesterListener; buildOnStartup: mySuggester
INFO  - 2017-05-23 14:21:56.844; [   ] org.apache.solr.spelling.suggest.SolrSuggester; SolrSuggester.build(mySuggester)
INFO  - 2017-05-23 14:21:56.850; [   ] org.apache.solr.core.SolrCore; [solr] Registered new searcher Searcher@42947be6[solr] main{ExitableDirectoryReader(UninvertingDirectoryReader())}
INFO  - 2017-05-23 14:21:56.850; [   ] org.apache.solr.core.SolrCore; [tika] Registered new searcher Searcher@642b3a58[tika] main{ExitableDirectoryReader(UninvertingDirectoryReader())}
